Added Component: Designator=CON1_1(RJ45-CHASSISCONNECTOR)
Add component. Clean all parameters for all variants
Add component (AddParameter): Name = "Part_Group_Name"; Value = "connector"; VariantName = "[No Variations]"
Add component (AddParameter): Name = "Part Number"; Value = "RJ45-TOP"; VariantName = "[No Variations]"
Add component (AddParameter): Name = "Placement_Type"; Value = "1"; VariantName = "[No Variations]"
Added Component: Designator=CON1_2(RJ45-CHASSISCONNECTOR)
Add component. Clean all parameters for all variants
Add component (AddParameter): Name = "Part_Group_Name"; Value = "connector"; VariantName = "[No Variations]"
Add component (AddParameter): Name = "Part Number"; Value = "RJ45-TOP"; VariantName = "[No Variations]"
Add component (AddParameter): Name = "Placement_Type"; Value = "1"; VariantName = "[No Variations]"
Added Component: Designator=CON1_3(RJ45-CHASSISCONNECTOR)
Add component. Clean all parameters for all variants
Add component (AddParameter): Name = "Part_Group_Name"; Value = "connector"; VariantName = "[No Variations]"
Add component (AddParameter): Name = "Part Number"; Value = "RJ45-TOP"; VariantName = "[No Variations]"
Add component (AddParameter): Name = "Placement_Type"; Value = "1"; VariantName = "[No Variations]"
Added Component: Designator=CON1_4(RJ45-CHASSISCONNECTOR)
Add component. Clean all parameters for all variants
Add component (AddParameter): Name = "Part_Group_Name"; Value = "connector"; VariantName = "[No Variations]"
Add component (AddParameter): Name = "Part Number"; Value = "RJ45-TOP"; VariantName = "[No Variations]"
Add component (AddParameter): Name = "Placement_Type"; Value = "1"; VariantName = "[No Variations]"
Added Component: Designator=CON1_5(RJ45-CHASSISCONNECTOR)
Add component. Clean all parameters for all variants
Add component (AddParameter): Name = "Part_Group_Name"; Value = "connector"; VariantName = "[No Variations]"
Add component (AddParameter): Name = "Part Number"; Value = "RJ45-TOP"; VariantName = "[No Variations]"
Add component (AddParameter): Name = "Placement_Type"; Value = "1"; VariantName = "[No Variations]"
Added Component: Designator=CON1_6(RJ45-CHASSISCONNECTOR)
Add component. Clean all parameters for all variants
Add component (AddParameter): Name = "Part_Group_Name"; Value = "connector"; VariantName = "[No Variations]"
Add component (AddParameter): Name = "Part Number"; Value = "RJ45-TOP"; VariantName = "[No Variations]"
Add component (AddParameter): Name = "Placement_Type"; Value = "1"; VariantName = "[No Variations]"
Added Component: Designator=CON1_7(RJ45-CHASSISCONNECTOR)
Add component. Clean all parameters for all variants
Add component (AddParameter): Name = "Part_Group_Name"; Value = "connector"; VariantName = "[No Variations]"
Add component (AddParameter): Name = "Part Number"; Value = "RJ45-TOP"; VariantName = "[No Variations]"
Add component (AddParameter): Name = "Placement_Type"; Value = "1"; VariantName = "[No Variations]"
Added Component: Designator=CON1_8(RJ45-CHASSISCONNECTOR)
Add component. Clean all parameters for all variants
Add component (AddParameter): Name = "Part_Group_Name"; Value = "connector"; VariantName = "[No Variations]"
Add component (AddParameter): Name = "Part Number"; Value = "RJ45-TOP"; VariantName = "[No Variations]"
Add component (AddParameter): Name = "Placement_Type"; Value = "1"; VariantName = "[No Variations]"
Added Component: Designator=CON1_9(RJ45-CHASSISCONNECTOR)
Add component. Clean all parameters for all variants
Add component (AddParameter): Name = "Part_Group_Name"; Value = "connector"; VariantName = "[No Variations]"
Add component (AddParameter): Name = "Part Number"; Value = "RJ45-TOP"; VariantName = "[No Variations]"
Add component (AddParameter): Name = "Placement_Type"; Value = "1"; VariantName = "[No Variations]"
Added Component: Designator=CON1_10(RJ45-CHASSISCONNECTOR)
Add component. Clean all parameters for all variants
Add component (AddParameter): Name = "Part_Group_Name"; Value = "connector"; VariantName = "[No Variations]"
Add component (AddParameter): Name = "Part Number"; Value = "RJ45-TOP"; VariantName = "[No Variations]"
Add component (AddParameter): Name = "Placement_Type"; Value = "1"; VariantName = "[No Variations]"
Added Component: Designator=J1_1(615008142521)
Add component. Clean all parameters for all variants
Add component (AddParameter): Name = "ComponentLink1Description"; Value = "Manufacturer"; VariantName = "[No Variations]"
Add component (AddParameter): Name = "ComponentLink1URL"; Value = "http://www.we-online.de"; VariantName = "[No Variations]"
Add component (AddParameter): Name = "ComponentLink2Description"; Value = "Datasheet"; VariantName = "[No Variations]"
Add component (AddParameter): Name = "ComponentLink2URL"; Value = "http://katalog.we-online.de/em/datasheet/615008142521.pdf"; VariantName = "[No Variations]"
Add component (AddParameter): Name = "Part_Group_Name"; Value = "connector"; VariantName = "[No Variations]"
Add component (AddParameter): Name = "Part Number"; Value = "615008142521"; VariantName = "[No Variations]"
Add component (AddParameter): Name = "PartNumber"; Value = "615008142521"; VariantName = "[No Variations]"
Add component (AddParameter): Name = "PinNumber"; Value = "8P8C"; VariantName = "[No Variations]"
Add component (AddParameter): Name = "Placement_Type"; Value = "4"; VariantName = "[No Variations]"
Add component (AddParameter): Name = "PublishedDate"; Value = "July 2016"; VariantName = "[No Variations]"
Add component (AddParameter): Name = "Publisher"; Value = "Wurth Elektronik"; VariantName = "[No Variations]"
Added Component: Designator=J1_2(615008142521)
Add component. Clean all parameters for all variants
Add component (AddParameter): Name = "ComponentLink1Description"; Value = "Manufacturer"; VariantName = "[No Variations]"
Add component (AddParameter): Name = "ComponentLink1URL"; Value = "http://www.we-online.de"; VariantName = "[No Variations]"
Add component (AddParameter): Name = "ComponentLink2Description"; Value = "Datasheet"; VariantName = "[No Variations]"
Add component (AddParameter): Name = "ComponentLink2URL"; Value = "http://katalog.we-online.de/em/datasheet/615008142521.pdf"; VariantName = "[No Variations]"
Add component (AddParameter): Name = "Part_Group_Name"; Value = "connector"; VariantName = "[No Variations]"
Add component (AddParameter): Name = "Part Number"; Value = "615008142521"; VariantName = "[No Variations]"
Add component (AddParameter): Name = "PartNumber"; Value = "615008142521"; VariantName = "[No Variations]"
Add component (AddParameter): Name = "PinNumber"; Value = "8P8C"; VariantName = "[No Variations]"
Add component (AddParameter): Name = "Placement_Type"; Value = "4"; VariantName = "[No Variations]"
Add component (AddParameter): Name = "PublishedDate"; Value = "July 2016"; VariantName = "[No Variations]"
Add component (AddParameter): Name = "Publisher"; Value = "Wurth Elektronik"; VariantName = "[No Variations]"
Added Component: Designator=J1_3(615008142521)
Add component. Clean all parameters for all variants
Add component (AddParameter): Name = "ComponentLink1Description"; Value = "Manufacturer"; VariantName = "[No Variations]"
Add component (AddParameter): Name = "ComponentLink1URL"; Value = "http://www.we-online.de"; VariantName = "[No Variations]"
Add component (AddParameter): Name = "ComponentLink2Description"; Value = "Datasheet"; VariantName = "[No Variations]"
Add component (AddParameter): Name = "ComponentLink2URL"; Value = "http://katalog.we-online.de/em/datasheet/615008142521.pdf"; VariantName = "[No Variations]"
Add component (AddParameter): Name = "Part_Group_Name"; Value = "connector"; VariantName = "[No Variations]"
Add component (AddParameter): Name = "Part Number"; Value = "615008142521"; VariantName = "[No Variations]"
Add component (AddParameter): Name = "PartNumber"; Value = "615008142521"; VariantName = "[No Variations]"
Add component (AddParameter): Name = "PinNumber"; Value = "8P8C"; VariantName = "[No Variations]"
Add component (AddParameter): Name = "Placement_Type"; Value = "4"; VariantName = "[No Variations]"
Add component (AddParameter): Name = "PublishedDate"; Value = "July 2016"; VariantName = "[No Variations]"
Add component (AddParameter): Name = "Publisher"; Value = "Wurth Elektronik"; VariantName = "[No Variations]"
Added Component: Designator=J1_4(615008142521)
Add component. Clean all parameters for all variants
Add component (AddParameter): Name = "ComponentLink1Description"; Value = "Manufacturer"; VariantName = "[No Variations]"
Add component (AddParameter): Name = "ComponentLink1URL"; Value = "http://www.we-online.de"; VariantName = "[No Variations]"
Add component (AddParameter): Name = "ComponentLink2Description"; Value = "Datasheet"; VariantName = "[No Variations]"
Add component (AddParameter): Name = "ComponentLink2URL"; Value = "http://katalog.we-online.de/em/datasheet/615008142521.pdf"; VariantName = "[No Variations]"
Add component (AddParameter): Name = "Part_Group_Name"; Value = "connector"; VariantName = "[No Variations]"
Add component (AddParameter): Name = "Part Number"; Value = "615008142521"; VariantName = "[No Variations]"
Add component (AddParameter): Name = "PartNumber"; Value = "615008142521"; VariantName = "[No Variations]"
Add component (AddParameter): Name = "PinNumber"; Value = "8P8C"; VariantName = "[No Variations]"
Add component (AddParameter): Name = "Placement_Type"; Value = "4"; VariantName = "[No Variations]"
Add component (AddParameter): Name = "PublishedDate"; Value = "July 2016"; VariantName = "[No Variations]"
Add component (AddParameter): Name = "Publisher"; Value = "Wurth Elektronik"; VariantName = "[No Variations]"
Added Component: Designator=J1_5(615008142521)
Add component. Clean all parameters for all variants
Add component (AddParameter): Name = "ComponentLink1Description"; Value = "Manufacturer"; VariantName = "[No Variations]"
Add component (AddParameter): Name = "ComponentLink1URL"; Value = "http://www.we-online.de"; VariantName = "[No Variations]"
Add component (AddParameter): Name = "ComponentLink2Description"; Value = "Datasheet"; VariantName = "[No Variations]"
Add component (AddParameter): Name = "ComponentLink2URL"; Value = "http://katalog.we-online.de/em/datasheet/615008142521.pdf"; VariantName = "[No Variations]"
Add component (AddParameter): Name = "Part_Group_Name"; Value = "connector"; VariantName = "[No Variations]"
Add component (AddParameter): Name = "Part Number"; Value = "615008142521"; VariantName = "[No Variations]"
Add component (AddParameter): Name = "PartNumber"; Value = "615008142521"; VariantName = "[No Variations]"
Add component (AddParameter): Name = "PinNumber"; Value = "8P8C"; VariantName = "[No Variations]"
Add component (AddParameter): Name = "Placement_Type"; Value = "4"; VariantName = "[No Variations]"
Add component (AddParameter): Name = "PublishedDate"; Value = "July 2016"; VariantName = "[No Variations]"
Add component (AddParameter): Name = "Publisher"; Value = "Wurth Elektronik"; VariantName = "[No Variations]"
Added Component: Designator=J1_6(615008142521)
Add component. Clean all parameters for all variants
Add component (AddParameter): Name = "ComponentLink1Description"; Value = "Manufacturer"; VariantName = "[No Variations]"
Add component (AddParameter): Name = "ComponentLink1URL"; Value = "http://www.we-online.de"; VariantName = "[No Variations]"
Add component (AddParameter): Name = "ComponentLink2Description"; Value = "Datasheet"; VariantName = "[No Variations]"
Add component (AddParameter): Name = "ComponentLink2URL"; Value = "http://katalog.we-online.de/em/datasheet/615008142521.pdf"; VariantName = "[No Variations]"
Add component (AddParameter): Name = "Part_Group_Name"; Value = "connector"; VariantName = "[No Variations]"
Add component (AddParameter): Name = "Part Number"; Value = "615008142521"; VariantName = "[No Variations]"
Add component (AddParameter): Name = "PartNumber"; Value = "615008142521"; VariantName = "[No Variations]"
Add component (AddParameter): Name = "PinNumber"; Value = "8P8C"; VariantName = "[No Variations]"
Add component (AddParameter): Name = "Placement_Type"; Value = "4"; VariantName = "[No Variations]"
Add component (AddParameter): Name = "PublishedDate"; Value = "July 2016"; VariantName = "[No Variations]"
Add component (AddParameter): Name = "Publisher"; Value = "Wurth Elektronik"; VariantName = "[No Variations]"
Added Component: Designator=J1_7(615008142521)
Add component. Clean all parameters for all variants
Add component (AddParameter): Name = "ComponentLink1Description"; Value = "Manufacturer"; VariantName = "[No Variations]"
Add component (AddParameter): Name = "ComponentLink1URL"; Value = "http://www.we-online.de"; VariantName = "[No Variations]"
Add component (AddParameter): Name = "ComponentLink2Description"; Value = "Datasheet"; VariantName = "[No Variations]"
Add component (AddParameter): Name = "ComponentLink2URL"; Value = "http://katalog.we-online.de/em/datasheet/615008142521.pdf"; VariantName = "[No Variations]"
Add component (AddParameter): Name = "Part_Group_Name"; Value = "connector"; VariantName = "[No Variations]"
Add component (AddParameter): Name = "Part Number"; Value = "615008142521"; VariantName = "[No Variations]"
Add component (AddParameter): Name = "PartNumber"; Value = "615008142521"; VariantName = "[No Variations]"
Add component (AddParameter): Name = "PinNumber"; Value = "8P8C"; VariantName = "[No Variations]"
Add component (AddParameter): Name = "Placement_Type"; Value = "4"; VariantName = "[No Variations]"
Add component (AddParameter): Name = "PublishedDate"; Value = "July 2016"; VariantName = "[No Variations]"
Add component (AddParameter): Name = "Publisher"; Value = "Wurth Elektronik"; VariantName = "[No Variations]"
Added Component: Designator=J1_8(615008142521)
Add component. Clean all parameters for all variants
Add component (AddParameter): Name = "ComponentLink1Description"; Value = "Manufacturer"; VariantName = "[No Variations]"
Add component (AddParameter): Name = "ComponentLink1URL"; Value = "http://www.we-online.de"; VariantName = "[No Variations]"
Add component (AddParameter): Name = "ComponentLink2Description"; Value = "Datasheet"; VariantName = "[No Variations]"
Add component (AddParameter): Name = "ComponentLink2URL"; Value = "http://katalog.we-online.de/em/datasheet/615008142521.pdf"; VariantName = "[No Variations]"
Add component (AddParameter): Name = "Part_Group_Name"; Value = "connector"; VariantName = "[No Variations]"
Add component (AddParameter): Name = "Part Number"; Value = "615008142521"; VariantName = "[No Variations]"
Add component (AddParameter): Name = "PartNumber"; Value = "615008142521"; VariantName = "[No Variations]"
Add component (AddParameter): Name = "PinNumber"; Value = "8P8C"; VariantName = "[No Variations]"
Add component (AddParameter): Name = "Placement_Type"; Value = "4"; VariantName = "[No Variations]"
Add component (AddParameter): Name = "PublishedDate"; Value = "July 2016"; VariantName = "[No Variations]"
Add component (AddParameter): Name = "Publisher"; Value = "Wurth Elektronik"; VariantName = "[No Variations]"
Added Component: Designator=J1_9(615008142521)
Add component. Clean all parameters for all variants
Add component (AddParameter): Name = "ComponentLink1Description"; Value = "Manufacturer"; VariantName = "[No Variations]"
Add component (AddParameter): Name = "ComponentLink1URL"; Value = "http://www.we-online.de"; VariantName = "[No Variations]"
Add component (AddParameter): Name = "ComponentLink2Description"; Value = "Datasheet"; VariantName = "[No Variations]"
Add component (AddParameter): Name = "ComponentLink2URL"; Value = "http://katalog.we-online.de/em/datasheet/615008142521.pdf"; VariantName = "[No Variations]"
Add component (AddParameter): Name = "Part_Group_Name"; Value = "connector"; VariantName = "[No Variations]"
Add component (AddParameter): Name = "Part Number"; Value = "615008142521"; VariantName = "[No Variations]"
Add component (AddParameter): Name = "PartNumber"; Value = "615008142521"; VariantName = "[No Variations]"
Add component (AddParameter): Name = "PinNumber"; Value = "8P8C"; VariantName = "[No Variations]"
Add component (AddParameter): Name = "Placement_Type"; Value = "4"; VariantName = "[No Variations]"
Add component (AddParameter): Name = "PublishedDate"; Value = "July 2016"; VariantName = "[No Variations]"
Add component (AddParameter): Name = "Publisher"; Value = "Wurth Elektronik"; VariantName = "[No Variations]"
Added Component: Designator=J1_10(615008142521)
Add component. Clean all parameters for all variants
Add component (AddParameter): Name = "ComponentLink1Description"; Value = "Manufacturer"; VariantName = "[No Variations]"
Add component (AddParameter): Name = "ComponentLink1URL"; Value = "http://www.we-online.de"; VariantName = "[No Variations]"
Add component (AddParameter): Name = "ComponentLink2Description"; Value = "Datasheet"; VariantName = "[No Variations]"
Add component (AddParameter): Name = "ComponentLink2URL"; Value = "http://katalog.we-online.de/em/datasheet/615008142521.pdf"; VariantName = "[No Variations]"
Add component (AddParameter): Name = "Part_Group_Name"; Value = "connector"; VariantName = "[No Variations]"
Add component (AddParameter): Name = "Part Number"; Value = "615008142521"; VariantName = "[No Variations]"
Add component (AddParameter): Name = "PartNumber"; Value = "615008142521"; VariantName = "[No Variations]"
Add component (AddParameter): Name = "PinNumber"; Value = "8P8C"; VariantName = "[No Variations]"
Add component (AddParameter): Name = "Placement_Type"; Value = "4"; VariantName = "[No Variations]"
Add component (AddParameter): Name = "PublishedDate"; Value = "July 2016"; VariantName = "[No Variations]"
Add component (AddParameter): Name = "Publisher"; Value = "Wurth Elektronik"; VariantName = "[No Variations]"
Added Pin To Net: NetName=NetCON1_1_1 Pin=CON1_1-1
Added Pin To Net: NetName=NetCON1_1_1 Pin=J1_1-1
Added Net: Name=NetCON1_1_1
Added Pin To Net: NetName=NetCON1_1_2 Pin=CON1_1-2
Added Pin To Net: NetName=NetCON1_1_2 Pin=J1_1-2
Added Net: Name=NetCON1_1_2
Added Pin To Net: NetName=NetCON1_1_3 Pin=CON1_1-3
Added Pin To Net: NetName=NetCON1_1_3 Pin=J1_1-3
Added Net: Name=NetCON1_1_3
Added Pin To Net: NetName=NetCON1_1_4 Pin=CON1_1-4
Added Pin To Net: NetName=NetCON1_1_4 Pin=J1_1-4
Added Net: Name=NetCON1_1_4
Added Pin To Net: NetName=NetCON1_1_5 Pin=CON1_1-5
Added Pin To Net: NetName=NetCON1_1_5 Pin=J1_1-5
Added Net: Name=NetCON1_1_5
Added Pin To Net: NetName=NetCON1_1_6 Pin=CON1_1-6
Added Pin To Net: NetName=NetCON1_1_6 Pin=J1_1-6
Added Net: Name=NetCON1_1_6
Added Pin To Net: NetName=NetCON1_1_7 Pin=CON1_1-7
Added Pin To Net: NetName=NetCON1_1_7 Pin=J1_1-7
Added Net: Name=NetCON1_1_7
Added Pin To Net: NetName=NetCON1_1_8 Pin=CON1_1-8
Added Pin To Net: NetName=NetCON1_1_8 Pin=J1_1-8
Added Net: Name=NetCON1_1_8
Added Pin To Net: NetName=NetCON1_2_1 Pin=CON1_2-1
Added Pin To Net: NetName=NetCON1_2_1 Pin=J1_2-1
Added Net: Name=NetCON1_2_1
Added Pin To Net: NetName=NetCON1_2_2 Pin=CON1_2-2
Added Pin To Net: NetName=NetCON1_2_2 Pin=J1_2-2
Added Net: Name=NetCON1_2_2
Added Pin To Net: NetName=NetCON1_2_3 Pin=CON1_2-3
Added Pin To Net: NetName=NetCON1_2_3 Pin=J1_2-3
Added Net: Name=NetCON1_2_3
Added Pin To Net: NetName=NetCON1_2_4 Pin=CON1_2-4
Added Pin To Net: NetName=NetCON1_2_4 Pin=J1_2-4
Added Net: Name=NetCON1_2_4
Added Pin To Net: NetName=NetCON1_2_5 Pin=CON1_2-5
Added Pin To Net: NetName=NetCON1_2_5 Pin=J1_2-5
Added Net: Name=NetCON1_2_5
Added Pin To Net: NetName=NetCON1_2_6 Pin=CON1_2-6
Added Pin To Net: NetName=NetCON1_2_6 Pin=J1_2-6
Added Net: Name=NetCON1_2_6
Added Pin To Net: NetName=NetCON1_2_7 Pin=CON1_2-7
Added Pin To Net: NetName=NetCON1_2_7 Pin=J1_2-7
Added Net: Name=NetCON1_2_7
Added Pin To Net: NetName=NetCON1_2_8 Pin=CON1_2-8
Added Pin To Net: NetName=NetCON1_2_8 Pin=J1_2-8
Added Net: Name=NetCON1_2_8
Added Pin To Net: NetName=NetCON1_3_1 Pin=CON1_3-1
Added Pin To Net: NetName=NetCON1_3_1 Pin=J1_3-1
Added Net: Name=NetCON1_3_1
Added Pin To Net: NetName=NetCON1_3_2 Pin=CON1_3-2
Added Pin To Net: NetName=NetCON1_3_2 Pin=J1_3-2
Added Net: Name=NetCON1_3_2
Added Pin To Net: NetName=NetCON1_3_3 Pin=CON1_3-3
Added Pin To Net: NetName=NetCON1_3_3 Pin=J1_3-3
Added Net: Name=NetCON1_3_3
Added Pin To Net: NetName=NetCON1_3_4 Pin=CON1_3-4
Added Pin To Net: NetName=NetCON1_3_4 Pin=J1_3-4
Added Net: Name=NetCON1_3_4
Added Pin To Net: NetName=NetCON1_3_5 Pin=CON1_3-5
Added Pin To Net: NetName=NetCON1_3_5 Pin=J1_3-5
Added Net: Name=NetCON1_3_5
Added Pin To Net: NetName=NetCON1_3_6 Pin=CON1_3-6
Added Pin To Net: NetName=NetCON1_3_6 Pin=J1_3-6
Added Net: Name=NetCON1_3_6
Added Pin To Net: NetName=NetCON1_3_7 Pin=CON1_3-7
Added Pin To Net: NetName=NetCON1_3_7 Pin=J1_3-7
Added Net: Name=NetCON1_3_7
Added Pin To Net: NetName=NetCON1_3_8 Pin=CON1_3-8
Added Pin To Net: NetName=NetCON1_3_8 Pin=J1_3-8
Added Net: Name=NetCON1_3_8
Added Pin To Net: NetName=NetCON1_4_1 Pin=CON1_4-1
Added Pin To Net: NetName=NetCON1_4_1 Pin=J1_4-1
Added Net: Name=NetCON1_4_1
Added Pin To Net: NetName=NetCON1_4_2 Pin=CON1_4-2
Added Pin To Net: NetName=NetCON1_4_2 Pin=J1_4-2
Added Net: Name=NetCON1_4_2
Added Pin To Net: NetName=NetCON1_4_3 Pin=CON1_4-3
Added Pin To Net: NetName=NetCON1_4_3 Pin=J1_4-3
Added Net: Name=NetCON1_4_3
Added Pin To Net: NetName=NetCON1_4_4 Pin=CON1_4-4
Added Pin To Net: NetName=NetCON1_4_4 Pin=J1_4-4
Added Net: Name=NetCON1_4_4
Added Pin To Net: NetName=NetCON1_4_5 Pin=CON1_4-5
Added Pin To Net: NetName=NetCON1_4_5 Pin=J1_4-5
Added Net: Name=NetCON1_4_5
Added Pin To Net: NetName=NetCON1_4_6 Pin=CON1_4-6
Added Pin To Net: NetName=NetCON1_4_6 Pin=J1_4-6
Added Net: Name=NetCON1_4_6
Added Pin To Net: NetName=NetCON1_4_7 Pin=CON1_4-7
Added Pin To Net: NetName=NetCON1_4_7 Pin=J1_4-7
Added Net: Name=NetCON1_4_7
Added Pin To Net: NetName=NetCON1_4_8 Pin=CON1_4-8
Added Pin To Net: NetName=NetCON1_4_8 Pin=J1_4-8
Added Net: Name=NetCON1_4_8
Added Pin To Net: NetName=NetCON1_5_1 Pin=CON1_5-1
Added Pin To Net: NetName=NetCON1_5_1 Pin=J1_5-1
Added Net: Name=NetCON1_5_1
Added Pin To Net: NetName=NetCON1_5_2 Pin=CON1_5-2
Added Pin To Net: NetName=NetCON1_5_2 Pin=J1_5-2
Added Net: Name=NetCON1_5_2
Added Pin To Net: NetName=NetCON1_5_3 Pin=CON1_5-3
Added Pin To Net: NetName=NetCON1_5_3 Pin=J1_5-3
Added Net: Name=NetCON1_5_3
Added Pin To Net: NetName=NetCON1_5_4 Pin=CON1_5-4
Added Pin To Net: NetName=NetCON1_5_4 Pin=J1_5-4
Added Net: Name=NetCON1_5_4
Added Pin To Net: NetName=NetCON1_5_5 Pin=CON1_5-5
Added Pin To Net: NetName=NetCON1_5_5 Pin=J1_5-5
Added Net: Name=NetCON1_5_5
Added Pin To Net: NetName=NetCON1_5_6 Pin=CON1_5-6
Added Pin To Net: NetName=NetCON1_5_6 Pin=J1_5-6
Added Net: Name=NetCON1_5_6
Added Pin To Net: NetName=NetCON1_5_7 Pin=CON1_5-7
Added Pin To Net: NetName=NetCON1_5_7 Pin=J1_5-7
Added Net: Name=NetCON1_5_7
Added Pin To Net: NetName=NetCON1_5_8 Pin=CON1_5-8
Added Pin To Net: NetName=NetCON1_5_8 Pin=J1_5-8
Added Net: Name=NetCON1_5_8
Added Pin To Net: NetName=NetCON1_6_1 Pin=CON1_6-1
Added Pin To Net: NetName=NetCON1_6_1 Pin=J1_6-1
Added Net: Name=NetCON1_6_1
Added Pin To Net: NetName=NetCON1_6_2 Pin=CON1_6-2
Added Pin To Net: NetName=NetCON1_6_2 Pin=J1_6-2
Added Net: Name=NetCON1_6_2
Added Pin To Net: NetName=NetCON1_6_3 Pin=CON1_6-3
Added Pin To Net: NetName=NetCON1_6_3 Pin=J1_6-3
Added Net: Name=NetCON1_6_3
Added Pin To Net: NetName=NetCON1_6_4 Pin=CON1_6-4
Added Pin To Net: NetName=NetCON1_6_4 Pin=J1_6-4
Added Net: Name=NetCON1_6_4
Added Pin To Net: NetName=NetCON1_6_5 Pin=CON1_6-5
Added Pin To Net: NetName=NetCON1_6_5 Pin=J1_6-5
Added Net: Name=NetCON1_6_5
Added Pin To Net: NetName=NetCON1_6_6 Pin=CON1_6-6
Added Pin To Net: NetName=NetCON1_6_6 Pin=J1_6-6
Added Net: Name=NetCON1_6_6
Added Pin To Net: NetName=NetCON1_6_7 Pin=CON1_6-7
Added Pin To Net: NetName=NetCON1_6_7 Pin=J1_6-7
Added Net: Name=NetCON1_6_7
Added Pin To Net: NetName=NetCON1_6_8 Pin=CON1_6-8
Added Pin To Net: NetName=NetCON1_6_8 Pin=J1_6-8
Added Net: Name=NetCON1_6_8
Added Pin To Net: NetName=NetCON1_7_1 Pin=CON1_7-1
Added Pin To Net: NetName=NetCON1_7_1 Pin=J1_7-1
Added Net: Name=NetCON1_7_1
Added Pin To Net: NetName=NetCON1_7_2 Pin=CON1_7-2
Added Pin To Net: NetName=NetCON1_7_2 Pin=J1_7-2
Added Net: Name=NetCON1_7_2
Added Pin To Net: NetName=NetCON1_7_3 Pin=CON1_7-3
Added Pin To Net: NetName=NetCON1_7_3 Pin=J1_7-3
Added Net: Name=NetCON1_7_3
Added Pin To Net: NetName=NetCON1_7_4 Pin=CON1_7-4
Added Pin To Net: NetName=NetCON1_7_4 Pin=J1_7-4
Added Net: Name=NetCON1_7_4
Added Pin To Net: NetName=NetCON1_7_5 Pin=CON1_7-5
Added Pin To Net: NetName=NetCON1_7_5 Pin=J1_7-5
Added Net: Name=NetCON1_7_5
Added Pin To Net: NetName=NetCON1_7_6 Pin=CON1_7-6
Added Pin To Net: NetName=NetCON1_7_6 Pin=J1_7-6
Added Net: Name=NetCON1_7_6
Added Pin To Net: NetName=NetCON1_7_7 Pin=CON1_7-7
Added Pin To Net: NetName=NetCON1_7_7 Pin=J1_7-7
Added Net: Name=NetCON1_7_7
Added Pin To Net: NetName=NetCON1_7_8 Pin=CON1_7-8
Added Pin To Net: NetName=NetCON1_7_8 Pin=J1_7-8
Added Net: Name=NetCON1_7_8
Added Pin To Net: NetName=NetCON1_8_1 Pin=CON1_8-1
Added Pin To Net: NetName=NetCON1_8_1 Pin=J1_8-1
Added Net: Name=NetCON1_8_1
Added Pin To Net: NetName=NetCON1_8_2 Pin=CON1_8-2
Added Pin To Net: NetName=NetCON1_8_2 Pin=J1_8-2
Added Net: Name=NetCON1_8_2
Added Pin To Net: NetName=NetCON1_8_3 Pin=CON1_8-3
Added Pin To Net: NetName=NetCON1_8_3 Pin=J1_8-3
Added Net: Name=NetCON1_8_3
Added Pin To Net: NetName=NetCON1_8_4 Pin=CON1_8-4
Added Pin To Net: NetName=NetCON1_8_4 Pin=J1_8-4
Added Net: Name=NetCON1_8_4
Added Pin To Net: NetName=NetCON1_8_5 Pin=CON1_8-5
Added Pin To Net: NetName=NetCON1_8_5 Pin=J1_8-5
Added Net: Name=NetCON1_8_5
Added Pin To Net: NetName=NetCON1_8_6 Pin=CON1_8-6
Added Pin To Net: NetName=NetCON1_8_6 Pin=J1_8-6
Added Net: Name=NetCON1_8_6
Added Pin To Net: NetName=NetCON1_8_7 Pin=CON1_8-7
Added Pin To Net: NetName=NetCON1_8_7 Pin=J1_8-7
Added Net: Name=NetCON1_8_7
Added Pin To Net: NetName=NetCON1_8_8 Pin=CON1_8-8
Added Pin To Net: NetName=NetCON1_8_8 Pin=J1_8-8
Added Net: Name=NetCON1_8_8
Added Pin To Net: NetName=NetCON1_9_1 Pin=CON1_9-1
Added Pin To Net: NetName=NetCON1_9_1 Pin=J1_9-1
Added Net: Name=NetCON1_9_1
Added Pin To Net: NetName=NetCON1_9_2 Pin=CON1_9-2
Added Pin To Net: NetName=NetCON1_9_2 Pin=J1_9-2
Added Net: Name=NetCON1_9_2
Added Pin To Net: NetName=NetCON1_9_3 Pin=CON1_9-3
Added Pin To Net: NetName=NetCON1_9_3 Pin=J1_9-3
Added Net: Name=NetCON1_9_3
Added Pin To Net: NetName=NetCON1_9_4 Pin=CON1_9-4
Added Pin To Net: NetName=NetCON1_9_4 Pin=J1_9-4
Added Net: Name=NetCON1_9_4
Added Pin To Net: NetName=NetCON1_9_5 Pin=CON1_9-5
Added Pin To Net: NetName=NetCON1_9_5 Pin=J1_9-5
Added Net: Name=NetCON1_9_5
Added Pin To Net: NetName=NetCON1_9_6 Pin=CON1_9-6
Added Pin To Net: NetName=NetCON1_9_6 Pin=J1_9-6
Added Net: Name=NetCON1_9_6
Added Pin To Net: NetName=NetCON1_9_7 Pin=CON1_9-7
Added Pin To Net: NetName=NetCON1_9_7 Pin=J1_9-7
Added Net: Name=NetCON1_9_7
Added Pin To Net: NetName=NetCON1_9_8 Pin=CON1_9-8
Added Pin To Net: NetName=NetCON1_9_8 Pin=J1_9-8
Added Net: Name=NetCON1_9_8
Added Pin To Net: NetName=NetCON1_10_1 Pin=CON1_10-1
Added Pin To Net: NetName=NetCON1_10_1 Pin=J1_10-1
Added Net: Name=NetCON1_10_1
Added Pin To Net: NetName=NetCON1_10_2 Pin=CON1_10-2
Added Pin To Net: NetName=NetCON1_10_2 Pin=J1_10-2
Added Net: Name=NetCON1_10_2
Added Pin To Net: NetName=NetCON1_10_3 Pin=CON1_10-3
Added Pin To Net: NetName=NetCON1_10_3 Pin=J1_10-3
Added Net: Name=NetCON1_10_3
Added Pin To Net: NetName=NetCON1_10_4 Pin=CON1_10-4
Added Pin To Net: NetName=NetCON1_10_4 Pin=J1_10-4
Added Net: Name=NetCON1_10_4
Added Pin To Net: NetName=NetCON1_10_5 Pin=CON1_10-5
Added Pin To Net: NetName=NetCON1_10_5 Pin=J1_10-5
Added Net: Name=NetCON1_10_5
Added Pin To Net: NetName=NetCON1_10_6 Pin=CON1_10-6
Added Pin To Net: NetName=NetCON1_10_6 Pin=J1_10-6
Added Net: Name=NetCON1_10_6
Added Pin To Net: NetName=NetCON1_10_7 Pin=CON1_10-7
Added Pin To Net: NetName=NetCON1_10_7 Pin=J1_10-7
Added Net: Name=NetCON1_10_7
Added Pin To Net: NetName=NetCON1_10_8 Pin=CON1_10-8
Added Pin To Net: NetName=NetCON1_10_8 Pin=J1_10-8
Added Net: Name=NetCON1_10_8
Added Class: Name=1
Added Class: Name=2
Added Class: Name=3
Added Class: Name=4
Added Class: Name=5
Added Class: Name=6
Added Class: Name=7
Added Class: Name=8
Added Class: Name=9
Added Class: Name=10
Added Class: Name=rj45_breakout
Change Room Name: Old Name=rj45_breakout New Name=7
Change Room Scope: Old Scope=InComponentClass('rj45_breakout') New Scope=InComponentClass('7')
Added Room: Name=1
Added Room: Name=2
Added Room: Name=3
Added Room: Name=4
Added Room: Name=5
Added Room: Name=6
Added Room: Name=8
Added Room: Name=9
Added Room: Name=10
